<?xml version="1.0" encoding="UTF-8"?>
<!-- Generated by org.testng.reporters.JUnitReportReporter -->
<testsuite skipped="0" hostname="Dhruba" name="qaclickacademy.MavenJava.SeleniumTest" tests="2" failures="0" timestamp="2021-03-30T14:58:14 EDT" time="0.030" errors="0">
  <testcase name="browserAutomation" time="0.028" classname="qaclickacademy.MavenJava.SeleniumTest"/>
  <system-out/>
  <testcase name="elementsUI" time="0.002" classname="qaclickacademy.MavenJava.SeleniumTest"/>
  <system-out/>
</testsuite> <!-- qaclickacademy.MavenJava.SeleniumTest -->
