<?xml version="1.0" encoding="UTF-8"?>
<!-- Generated by org.testng.reporters.JUnitReportReporter -->
<testsuite hostname="Dhruba" failures="0" tests="1" name="qaclickacademy.MavenJava.AppiumTest" time="0.000" errors="0" timestamp="2021-03-31T21:57:38 EDT" skipped="0">
  <testcase classname="qaclickacademy.MavenJava.AppiumTest" name="IosApp" time="0.000"/>
  <system-out/>
</testsuite> <!-- qaclickacademy.MavenJava.AppiumTest -->
